(cmaxime) Running: start_machine [ exec-time = 3.0994415283203125e-06 ]
(cmaxime) Running: make_coffee [ exec-time = 8.606910705566406e-05 ]
(cmaxime) Running: start_machine [ exec-time = 9.5367431640625e-07 ]
(cmaxime) Running: make_coffee [ exec-time = 0.0018277168273925781 ]
(cmaxime) Running: start_machine [ exec-time = 1.9073486328125e-06 ]
(cmaxime) Running: make_coffee [ exec-time = 0.0007250308990478516 ]
(cmaxime) Running: start_machine [ exec-time = 9.5367431640625e-07 ]
(cmaxime) Running: make_coffee [ exec-time = 0.0007050037384033203 ]
(cmaxime) Running: start_machine [ exec-time = 9.5367431640625e-07 ]
(cmaxime) Running: make_coffee [ exec-time = 0.0008478164672851562 ]
(cmaxime) Running: start_machine [ exec-time = 1.1920928955078125e-06 ]
(cmaxime) Running: make_coffee [ exec-time = 0.0007410049438476562 ]
(cmaxime) Running: add_water [ exec-time = 4.000247955322266 ]
(cmaxime) Running: start_machine [ exec-time = 3.814697265625e-06 ]
(cmaxime) Running: boil_water [ exec-time = 2.4080276489257812e-05 ]
(cmaxime) Running: make_coffee [ exec-time = 2.04943585395813 ]
(cmaxime) Running: start_machine [ exec-time = 2.1457672119140625e-06 ]
(cmaxime) Running: boil_water [ exec-time = 1.71661376953125e-05 ]
(cmaxime) Running: make_coffee [ exec-time = 2.036498785018921 ]
(cmaxime) Running: start_machine [ exec-time = 2.1457672119140625e-06 ]
(cmaxime) Running: boil_water [ exec-time = 1.811981201171875e-05 ]
(cmaxime) Running: make_coffee [ exec-time = 2.0471339225769043 ]
(cmaxime) Running: start_machine [ exec-time = 2.1457672119140625e-06 ]
(cmaxime) Running: boil_water [ exec-time = 1.9073486328125e-05 ]
(cmaxime) Running: make_coffee [ exec-time = 2.048391103744507 ]
(cmaxime) Running: start_machine [ exec-time = 1.0013580322265625e-05 ]
(cmaxime) Running: boil_water [ exec-time = 1.6927719116210938e-05 ]
(cmaxime) Running: make_coffee [ exec-time = 2.0479140281677246 ]
(cmaxime) Running: start_machine [ exec-time = 6.198883056640625e-06 ]
(cmaxime) Running: boil_water [ exec-time = 1.6927719116210938e-05 ]
(cmaxime) Running: make_coffee [ exec-time = 2.0551750659942627 ]
(cmaxime) Running: add_water [ exec-time = 1.0001599788665771 ]
(cmaxime)Running: start_machine [ exec-time = start_machine ]
(cmaxime)Running: boil_water [ exec-time = boil_water ]
(cmaxime)Running: make_coffee [ exec-time = make_coffee ]
(cmaxime)Running: start_machine [ exec-time = start_machine ]
(cmaxime)Running: boil_water [ exec-time = boil_water ]
(cmaxime)Running: make_coffee [ exec-time = make_coffee ]
(cmaxime)Running: start_machine [ exec-time = start_machine ]
(cmaxime)Running: boil_water [ exec-time = boil_water ]
(cmaxime)Running: make_coffee [ exec-time = make_coffee ]
(cmaxime)Running: start_machine [ exec-time = start_machine ]
(cmaxime)Running: boil_water [ exec-time = boil_water ]
(cmaxime)Running: make_coffee [ exec-time = make_coffee ]
(cmaxime)Running: start_machine [ exec-time = start_machine ]
(cmaxime)Running: boil_water [ exec-time = boil_water ]
(cmaxime)Running: make_coffee [ exec-time = make_coffee ]
(cmaxime)Running: start_machine [ exec-time = start_machine ]
(cmaxime)Running: boil_water [ exec-time = boil_water ]
(cmaxime)Running: make_coffee [ exec-time = make_coffee ]
(cmaxime)Running: add_water  [ exec-time = add_water ]
(cmaxime)Running: start_machine [ exec-time = start_machine ]
(cmaxime)Running: boil_water [ exec-time = boil_water ]
(cmaxime)Running: make_coffee [ exec-time = make_coffee ]
(cmaxime)Running: start_machine [ exec-time = start_machine ]
(cmaxime)Running: boil_water [ exec-time = boil_water ]
(cmaxime)Running: make_coffee [ exec-time = make_coffee ]
(cmaxime)Running: start_machine [ exec-time = start_machine ]
(cmaxime)Running: boil_water [ exec-time = boil_water ]
(cmaxime)Running: make_coffee [ exec-time = make_coffee ]
(cmaxime)Running: start_machine [ exec-time = start_machine ]
(cmaxime)Running: boil_water [ exec-time = boil_water ]
(cmaxime)Running: make_coffee [ exec-time = make_coffee ]
(cmaxime)Running: start_machine [ exec-time = start_machine ]
(cmaxime)Running: boil_water [ exec-time = boil_water ]
(cmaxime)Running: make_coffee [ exec-time = make_coffee ]
(cmaxime)Running: start_machine [ exec-time = start_machine ]
(cmaxime)Running: boil_water [ exec-time = boil_water ]
(cmaxime)Running: make_coffee [ exec-time = make_coffee ]
(cmaxime)Running: add_water [ exec-time = add_water ]
